10.01.2019 00:59:55 860437 0
10.01.2019 01:59:55 860437 0
10.01.2019 02:59:55 860460 23
10.01.2019 03:59:55 860491 31
10.01.2019 04:59:55 860520 29
10.01.2019 05:59:55 860560 40
10.01.2019 06:59:55 860587 27
10.01.2019 07:59:55 860587 0
10.01.2019 08:59:55 860587 0
10.01.2019 09:59:55 860587 0
10.01.2019 10:59:55 860587 0
10.01.2019 11:59:55 860591 4
10.01.2019 12:59:55 860614 23
10.01.2019 13:59:55 860670 56
10.01.2019 14:59:55 860711 41
10.01.2019 15:59:55 860745 34
10.01.2019 16:59:55 860790 45
10.01.2019 17:59:55 860826 36
10.01.2019 18:59:55 860862 36
10.01.2019 19:59:55 860895 33
10.01.2019 20:59:55 860935 40
10.01.2019 21:59:55 860964 29
10.01.2019 22:59:55 860964 0
10.01.2019 23:59:55 860964 0
