11.01.2019 00:59:55 860964 0
11.01.2019 01:59:55 860964 0
11.01.2019 02:59:55 861002 38
11.01.2019 03:59:55 861030 28
11.01.2019 04:59:55 861058 28
11.01.2019 05:59:55 861098 40
11.01.2019 06:59:55 861129 31
11.01.2019 07:59:55 861129 0
11.01.2019 08:59:55 861129 0
11.01.2019 09:59:55 861129 0
11.01.2019 10:59:55 861129 0
11.01.2019 11:59:55 861152 23
11.01.2019 12:59:55 861210 58
11.01.2019 13:59:55 861249 39
11.01.2019 14:59:55 861292 43
11.01.2019 15:59:55 861329 37
11.01.2019 16:59:55 861365 36
11.01.2019 17:59:55 861399 34
11.01.2019 18:59:55 861436 37
11.01.2019 19:59:55 861467 31
11.01.2019 20:59:55 861505 38
11.01.2019 21:59:55 861532 27
11.01.2019 22:59:55 861546 14
11.01.2019 23:59:55 861546 0
