12.01.2019 00:59:55 861546 0
12.01.2019 01:59:55 861546 0
12.01.2019 02:59:55 861546 0
12.01.2019 03:59:55 861554 8
12.01.2019 04:59:55 861605 51
12.01.2019 05:59:55 861637 32
12.01.2019 06:59:55 861671 34
12.01.2019 07:59:55 861701 30
12.01.2019 08:59:55 861730 29
12.01.2019 09:59:55 861767 37
12.01.2019 10:59:55 861800 33
12.01.2019 11:59:55 861837 37
12.01.2019 12:59:55 861863 26
12.01.2019 13:59:55 861891 28
12.01.2019 14:59:55 861910 19
12.01.2019 15:59:55 861921 11
12.01.2019 16:59:55 861940 19
12.01.2019 17:59:55 861967 27
12.01.2019 18:59:55 861980 13
12.01.2019 19:59:55 862012 32
12.01.2019 20:59:55 862024 12
12.01.2019 21:59:55 862038 14
12.01.2019 22:59:55 862058 20
12.01.2019 23:59:55 862058 0
