13.01.2019 00:59:55 862058 0
13.01.2019 01:59:55 862058 0
13.01.2019 02:59:55 862058 0
13.01.2019 03:59:55 862066 8
13.01.2019 04:59:55 862113 47
13.01.2019 05:59:55 862142 29
13.01.2019 06:59:55 862173 31
13.01.2019 07:59:55 862203 30
13.01.2019 08:59:55 862238 35
13.01.2019 09:59:55 862260 22
13.01.2019 10:59:55 862298 38
13.01.2019 11:59:55 862325 27
13.01.2019 12:59:55 862346 21
13.01.2019 13:59:55 862376 30
13.01.2019 14:59:55 862390 14
13.01.2019 15:59:55 862397 7
13.01.2019 16:59:55 862412 15
13.01.2019 17:59:55 862435 23
13.01.2019 18:59:55 862457 22
13.01.2019 19:59:55 862551 94
13.01.2019 20:59:55 862564 13
13.01.2019 21:59:55 862580 16
13.01.2019 22:59:55 862580 0
13.01.2019 23:59:55 862580 0
