14.01.2019 00:59:55 862580 0
14.01.2019 01:59:55 862580 0
14.01.2019 02:59:55 862580 0
14.01.2019 03:59:55 862621 41
14.01.2019 04:59:55 862647 26
14.01.2019 05:59:55 862681 34
14.01.2019 06:59:55 862702 21
14.01.2019 07:59:55 862702 0
14.01.2019 08:59:55 862702 0
14.01.2019 09:59:55 862702 0
14.01.2019 10:59:55 862702 0
14.01.2019 11:59:55 862702 0
14.01.2019 12:59:55 862719 17
14.01.2019 13:59:55 862778 59
14.01.2019 14:59:55 862813 35
14.01.2019 15:59:55 862847 34
14.01.2019 16:59:55 862890 43
14.01.2019 17:59:55 862920 30
14.01.2019 18:59:55 862957 37
14.01.2019 19:59:55 862994 37
14.01.2019 20:59:55 863025 31
14.01.2019 21:59:55 863052 27
14.01.2019 22:59:55 863052 0
14.01.2019 23:59:55 863052 0
