15.01.2019 00:59:55 863052 0
15.01.2019 01:59:55 863052 0
15.01.2019 02:59:55 863086 34
15.01.2019 03:59:55 863114 28
15.01.2019 04:59:55 863143 29
15.01.2019 05:59:55 863182 39
15.01.2019 06:59:55 863214 32
15.01.2019 07:59:55 863214 0
15.01.2019 08:59:55 863214 0
15.01.2019 09:59:55 863214 0
15.01.2019 10:59:55 863214 0
15.01.2019 11:59:55 863226 12
15.01.2019 12:59:55 863253 27
15.01.2019 13:59:55 863304 51
15.01.2019 14:59:55 863346 42
15.01.2019 15:59:55 863383 37
15.01.2019 16:59:55 863418 35
15.01.2019 17:59:55 863451 33
15.01.2019 18:59:55 863486 35
15.01.2019 19:59:55 863516 30
15.01.2019 20:59:55 863556 40
15.01.2019 21:59:55 863583 27
15.01.2019 22:59:55 863583 0
15.01.2019 23:59:55 863583 0
