16.01.2019 00:59:57 863583 0
16.01.2019 01:59:55 863583 0
16.01.2019 02:59:55 863583 0
16.01.2019 03:59:55 863627 44
16.01.2019 04:59:55 863656 29
16.01.2019 05:59:55 863693 37
16.01.2019 06:59:55 863718 25
16.01.2019 07:59:55 863718 0
16.01.2019 08:59:55 863718 0
16.01.2019 09:59:55 863718 0
16.01.2019 10:59:55 863718 0
16.01.2019 11:59:55 863718 0
16.01.2019 12:59:55 863726 8
16.01.2019 13:59:55 863791 65
16.01.2019 14:59:55 863825 34
16.01.2019 15:59:55 863859 34
16.01.2019 16:59:55 863899 40
16.01.2019 17:59:55 863929 30
16.01.2019 18:59:55 863960 31
16.01.2019 19:59:55 863986 26
16.01.2019 20:59:55 864020 34
16.01.2019 21:59:55 864039 19
16.01.2019 22:59:55 864039 0
16.01.2019 23:59:55 864039 0
