17.01.2019 00:59:55 864039 0
17.01.2019 01:59:55 864039 0
17.01.2019 02:59:55 864039 0
17.01.2019 03:59:55 864071 32
17.01.2019 04:59:55 864098 27
17.01.2019 05:59:55 864128 30
17.01.2019 06:59:55 864159 31
17.01.2019 07:59:55 864159 0
17.01.2019 08:59:55 864159 0
17.01.2019 09:59:55 864159 0
17.01.2019 10:59:55 864159 0
17.01.2019 11:59:55 864159 0
17.01.2019 12:59:55 864167 8
17.01.2019 13:59:55 864232 65
17.01.2019 14:59:55 864264 32
17.01.2019 15:59:55 864296 32
17.01.2019 16:59:55 864338 42
17.01.2019 17:59:55 864366 28
17.01.2019 18:59:55 864398 32
17.01.2019 19:59:55 864434 36
17.01.2019 20:59:55 864459 25
17.01.2019 21:59:55 864480 21
17.01.2019 22:59:55 864480 0
17.01.2019 23:59:55 864480 0
