18.01.2019 00:59:55 864480 0
18.01.2019 01:59:55 864480 0
18.01.2019 02:59:55 864480 0
18.01.2019 03:59:55 864517 37
18.01.2019 04:59:55 864544 27
18.01.2019 05:59:55 864576 32
18.01.2019 06:59:55 864604 28
18.01.2019 07:59:55 864604 0
18.01.2019 08:59:55 864604 0
18.01.2019 09:59:55 864604 0
18.01.2019 10:59:55 864604 0
18.01.2019 11:59:55 864612 8
18.01.2019 12:59:55 864678 66
18.01.2019 13:59:55 864709 31
18.01.2019 14:59:55 864751 42
18.01.2019 15:59:55 864787 36
18.01.2019 16:59:55 864820 33
18.01.2019 17:59:55 864850 30
18.01.2019 18:59:55 864886 36
18.01.2019 19:59:55 864913 27
18.01.2019 20:59:55 864954 41
18.01.2019 21:59:55 864977 23
18.01.2019 22:59:55 864993 16
18.01.2019 23:59:55 864993 0
