19.01.2019 00:59:55 864993 0
19.01.2019 01:59:55 864993 0
19.01.2019 02:59:55 864993 0
19.01.2019 03:59:55 865000 7
19.01.2019 04:59:55 865053 53
19.01.2019 05:59:55 865087 34
19.01.2019 06:59:55 865122 35
19.01.2019 07:59:55 865157 35
19.01.2019 08:59:55 865196 39
19.01.2019 09:59:55 865232 36
19.01.2019 10:59:55 865286 54
19.01.2019 11:59:55 865323 37
19.01.2019 12:59:55 865357 34
19.01.2019 13:59:55 865399 42
19.01.2019 14:59:55 865427 28
19.01.2019 15:59:55 865450 23
19.01.2019 16:59:55 865478 28
19.01.2019 17:59:55 865497 19
19.01.2019 18:59:55 865528 31
19.01.2019 19:59:55 865547 19
19.01.2019 20:59:55 865584 37
19.01.2019 21:59:55 865603 19
19.01.2019 22:59:55 865617 14
19.01.2019 23:59:55 865617 0
