02.01.2019 00:59:56 856354 0
02.01.2019 01:59:55 856359 5
02.01.2019 02:59:55 856359 0
02.01.2019 03:59:55 856380 21
02.01.2019 04:59:55 856407 27
02.01.2019 05:59:55 856440 33
02.01.2019 06:59:55 856466 26
02.01.2019 07:59:55 856466 0
02.01.2019 08:59:55 856466 0
02.01.2019 09:59:55 856466 0
02.01.2019 10:59:55 856466 0
02.01.2019 11:59:55 856466 0
02.01.2019 12:59:55 856484 18
02.01.2019 13:59:55 856533 49
02.01.2019 14:59:55 856567 34
02.01.2019 15:59:55 856599 32
02.01.2019 16:59:55 856638 39
02.01.2019 17:59:55 856667 29
02.01.2019 18:59:55 856705 38
02.01.2019 19:59:55 856737 32
02.01.2019 20:59:55 856775 38
02.01.2019 21:59:55 856801 26
02.01.2019 22:59:55 856801 0
02.01.2019 23:59:55 856801 0
