20.01.2019 00:59:55 865617 0
20.01.2019 01:59:55 865617 0
20.01.2019 02:59:55 865617 0
20.01.2019 03:59:55 865635 18
20.01.2019 04:59:55 865701 66
20.01.2019 05:59:55 865741 40
20.01.2019 06:59:55 865785 44
20.01.2019 07:59:55 865827 42
20.01.2019 08:59:55 865872 45
20.01.2019 09:59:55 865908 36
20.01.2019 10:59:55 865965 57
20.01.2019 11:59:55 866003 38
20.01.2019 12:59:55 866046 43
20.01.2019 13:59:55 866094 48
20.01.2019 14:59:55 866130 36
20.01.2019 15:59:55 866163 33
20.01.2019 16:59:55 866200 37
20.01.2019 17:59:55 866225 25
20.01.2019 18:59:55 866256 31
20.01.2019 19:59:55 866351 95
20.01.2019 20:59:55 866392 41
20.01.2019 21:59:55 866413 21
20.01.2019 22:59:55 866418 5
20.01.2019 23:59:55 866418 0
