21.01.2019 00:59:55 866418 0
21.01.2019 01:59:55 866427 9
21.01.2019 02:59:55 866468 41
21.01.2019 03:59:55 866510 42
21.01.2019 04:59:55 866549 39
21.01.2019 05:59:55 866600 51
21.01.2019 06:59:55 866630 30
21.01.2019 07:59:55 866630 0
21.01.2019 08:59:55 866635 5
21.01.2019 09:59:55 866646 11
21.01.2019 10:59:55 866663 17
21.01.2019 11:59:55 866687 24
21.01.2019 12:59:55 866729 42
21.01.2019 13:59:55 866786 57
21.01.2019 14:59:55 866830 44
21.01.2019 15:59:55 866879 49
21.01.2019 16:59:55 866932 53
21.01.2019 17:59:55 866979 47
21.01.2019 18:59:55 867025 46
21.01.2019 19:59:55 867069 44
21.01.2019 20:59:55 867120 51
21.01.2019 21:59:55 867156 36
21.01.2019 22:59:55 867156 0
21.01.2019 23:59:55 867156 0
