22.01.2019 00:59:55 867156 0
22.01.2019 01:59:55 867161 5
22.01.2019 02:59:55 867206 45
22.01.2019 03:59:55 867248 42
22.01.2019 04:59:55 867286 38
22.01.2019 05:59:55 867332 46
22.01.2019 06:59:55 867370 38
22.01.2019 07:59:55 867370 0
22.01.2019 08:59:55 867370 0
22.01.2019 12:59:55 867456 86
22.01.2019 13:59:55 867508 52
22.01.2019 14:59:55 867563 55
22.01.2019 15:59:55 867614 51
22.01.2019 16:59:55 867665 51
22.01.2019 17:59:55 867709 44
22.01.2019 18:59:55 867762 53
22.01.2019 19:59:55 867805 43
22.01.2019 20:59:55 867858 53
22.01.2019 21:59:55 867899 41
22.01.2019 22:59:55 867899 0
22.01.2019 23:59:55 867899 0
