23.01.2019 00:59:55 867899 0
23.01.2019 01:59:55 867900 1
23.01.2019 02:59:55 867949 49
23.01.2019 03:59:55 867991 42
23.01.2019 04:59:55 868030 39
23.01.2019 05:59:55 868081 51
23.01.2019 06:59:55 868117 36
23.01.2019 07:59:55 868117 0
23.01.2019 08:59:55 868117 0
23.01.2019 09:59:55 868126 9
23.01.2019 10:59:55 868141 15
23.01.2019 11:59:55 868169 28
23.01.2019 12:59:55 868201 32
23.01.2019 13:59:55 868273 72
23.01.2019 14:59:55 868322 49
23.01.2019 15:59:55 868371 49
23.01.2019 16:59:55 868424 53
23.01.2019 17:59:55 868471 47
23.01.2019 18:59:55 868526 55
23.01.2019 19:59:55 868569 43
23.01.2019 20:59:55 868614 45
23.01.2019 21:59:55 868661 47
23.01.2019 22:59:55 868661 0
23.01.2019 23:59:55 868661 0
