24.01.2019 00:59:55 868661 0
24.01.2019 01:59:55 868661 0
24.01.2019 02:59:55 868684 23
24.01.2019 03:59:55 868743 59
24.01.2019 04:59:55 868784 41
24.01.2019 05:59:55 868834 50
24.01.2019 06:59:55 868875 41
24.01.2019 07:59:55 868875 0
24.01.2019 08:59:55 868875 0
24.01.2019 09:59:55 868880 5
24.01.2019 10:59:55 868899 19
24.01.2019 11:59:55 868928 29
24.01.2019 12:59:55 868969 41
24.01.2019 13:59:55 869036 67
24.01.2019 14:59:55 869085 49
24.01.2019 15:59:55 869129 44
24.01.2019 16:59:55 869186 57
24.01.2019 17:59:55 869229 43
24.01.2019 18:59:55 869277 48
24.01.2019 19:59:55 869320 43
24.01.2019 20:59:55 869375 55
24.01.2019 21:59:55 869412 37
24.01.2019 22:59:55 869412 0
24.01.2019 23:59:55 869412 0
