25.01.2019 00:59:55 869412 0
25.01.2019 01:59:55 869412 0
25.01.2019 02:59:55 869417 5
25.01.2019 03:59:55 869483 66
25.01.2019 04:59:55 869520 37
25.01.2019 05:59:55 869569 49
25.01.2019 06:59:55 869603 34
25.01.2019 07:59:55 869603 0
25.01.2019 08:59:55 869603 0
25.01.2019 09:59:55 869605 2
25.01.2019 10:59:55 869622 17
25.01.2019 11:59:55 869641 19
25.01.2019 12:59:55 869721 80
25.01.2019 13:59:55 869768 47
25.01.2019 14:59:55 869827 59
25.01.2019 15:59:55 869868 41
25.01.2019 16:59:55 869910 42
25.01.2019 17:59:55 869949 39
25.01.2019 18:59:55 869999 50
25.01.2019 19:59:55 870033 34
25.01.2019 20:59:55 870085 52
25.01.2019 21:59:55 870106 21
25.01.2019 22:59:55 870123 17
25.01.2019 23:59:55 870123 0
