26.01.2019 00:59:55 870123 0
26.01.2019 01:59:55 870123 0
26.01.2019 02:59:55 870123 0
26.01.2019 03:59:55 870137 14
26.01.2019 04:59:55 870188 51
26.01.2019 05:59:55 870230 42
26.01.2019 06:59:55 870274 44
26.01.2019 07:59:55 870315 41
26.01.2019 08:59:55 870362 47
26.01.2019 09:59:55 870396 34
26.01.2019 10:59:55 870450 54
26.01.2019 11:59:55 870485 35
26.01.2019 12:59:55 870523 38
26.01.2019 13:59:55 870549 26
26.01.2019 14:59:55 870565 16
26.01.2019 15:59:55 870587 22
26.01.2019 16:59:55 870606 19
26.01.2019 17:59:55 870625 19
26.01.2019 18:59:55 870656 31
26.01.2019 19:59:55 870675 19
26.01.2019 20:59:55 870712 37
26.01.2019 21:59:55 870731 19
26.01.2019 22:59:55 870760 29
26.01.2019 23:59:55 870760 0
