27.01.2019 00:59:55 870760 0
27.01.2019 01:59:55 870760 0
27.01.2019 02:59:55 870760 0
27.01.2019 03:59:55 870760 0
27.01.2019 04:59:55 870804 44
27.01.2019 05:59:55 870848 44
27.01.2019 06:59:55 870889 41
27.01.2019 07:59:55 870924 35
27.01.2019 08:59:55 870964 40
27.01.2019 09:59:55 870992 28
27.01.2019 10:59:55 871032 40
27.01.2019 11:59:55 871053 21
27.01.2019 12:59:55 871086 33
27.01.2019 13:59:55 871100 14
27.01.2019 14:59:55 871122 22
27.01.2019 15:59:55 871141 19
27.01.2019 16:59:55 871155 14
27.01.2019 17:59:55 871179 24
27.01.2019 18:59:55 871210 31
27.01.2019 19:59:55 871252 42
27.01.2019 20:59:55 871324 72
27.01.2019 21:59:55 871348 24
27.01.2019 22:59:55 871348 0
27.01.2019 23:59:55 871348 0
