28.01.2019 00:59:55 871348 0
28.01.2019 01:59:55 871348 0
28.01.2019 02:59:55 871348 0
28.01.2019 03:59:55 871369 21
28.01.2019 04:59:55 871406 37
28.01.2019 05:59:55 871445 39
28.01.2019 06:59:55 871467 22
28.01.2019 07:59:55 871467 0
28.01.2019 08:59:55 871467 0
28.01.2019 09:59:55 871467 0
28.01.2019 10:59:55 871467 0
28.01.2019 11:59:55 871467 0
28.01.2019 12:59:55 871480 13
28.01.2019 13:59:55 871531 51
28.01.2019 14:59:55 871568 37
28.01.2019 15:59:55 871604 36
28.01.2019 16:59:55 871649 45
28.01.2019 17:59:55 871682 33
28.01.2019 18:59:55 871716 34
28.01.2019 19:59:55 871749 33
28.01.2019 20:59:55 871782 33
28.01.2019 21:59:55 871808 26
28.01.2019 22:59:55 871808 0
28.01.2019 23:59:55 871808 0
