29.10.2017 00:59:59 733919 0
29.10.2017 01:59:59 733919 0
29.10.2017 02:59:59 733919 0
29.10.2017 02:59:59 733919 0
29.10.2017 03:59:59 733919 0
29.10.2017 04:59:59 733919 0
29.10.2017 06:59:59 733964 45
29.10.2017 07:59:59 733992 28
29.10.2017 08:59:59 734012 20
29.10.2017 10:59:59 734042 30
29.10.2017 11:59:59 734057 15
29.10.2017 12:59:59 734072 15
29.10.2017 13:59:59 734084 12
29.10.2017 14:59:59 734103 19
29.10.2017 15:59:59 734117 14
29.10.2017 16:59:59 734131 14
29.10.2017 17:59:59 734145 14
29.10.2017 18:59:59 734157 12
29.10.2017 19:59:59 734221 64
29.10.2017 20:59:59 734245 24
29.10.2017 21:59:59 734256 11
29.10.2017 22:59:59 734261 5
29.10.2017 23:59:59 734261 0
