03.01.2019 00:59:55 856801 0
03.01.2019 01:59:55 856801 0
03.01.2019 02:59:55 856801 0
03.01.2019 03:59:55 856845 44
03.01.2019 04:59:55 856876 31
03.01.2019 05:59:55 856916 40
03.01.2019 06:59:55 856949 33
03.01.2019 07:59:55 856949 0
03.01.2019 08:59:55 856949 0
03.01.2019 09:59:55 856949 0
03.01.2019 10:59:55 856960 11
03.01.2019 11:59:55 856979 19
03.01.2019 12:59:55 857010 31
03.01.2019 13:59:55 857061 51
03.01.2019 14:59:55 857100 39
03.01.2019 15:59:55 857136 36
03.01.2019 16:59:55 857179 43
03.01.2019 17:59:55 857216 37
03.01.2019 18:59:55 857259 43
03.01.2019 19:59:55 857299 40
03.01.2019 20:59:55 857345 46
03.01.2019 21:59:55 857376 31
03.01.2019 22:59:55 857376 0
03.01.2019 23:59:55 857376 0
