30.10.2017 00:59:59 734261 0
30.10.2017 01:59:59 734261 0
30.10.2017 02:59:59 734261 0
30.10.2017 03:59:59 734261 0
30.10.2017 04:59:59 734279 18
30.10.2017 05:59:59 734303 24
30.10.2017 06:59:59 734321 18
30.10.2017 07:59:59 734340 19
30.10.2017 08:59:59 734366 26
30.10.2017 09:59:59 734387 21
30.10.2017 10:59:59 734416 29
30.10.2017 11:59:59 734446 30
30.10.2017 12:59:59 734466 20
30.10.2017 13:59:59 734491 25
30.10.2017 14:59:59 734507 16
30.10.2017 15:59:59 734524 17
30.10.2017 16:59:59 734539 15
30.10.2017 17:59:59 734567 28
30.10.2017 18:59:59 734588 21
30.10.2017 19:59:59 734604 16
30.10.2017 20:59:59 734628 24
30.10.2017 21:59:59 734643 15
30.10.2017 22:59:59 734643 0
30.10.2017 23:59:59 734643 0
