04.01.2019 00:59:55 857376 0
04.01.2019 01:59:55 857376 0
04.01.2019 02:59:55 857422 46
04.01.2019 03:59:55 857456 34
04.01.2019 04:59:55 857484 28
04.01.2019 05:59:55 857529 45
04.01.2019 06:59:55 857558 29
04.01.2019 07:59:55 857558 0
04.01.2019 08:59:55 857558 0
04.01.2019 09:59:55 857558 0
04.01.2019 10:59:55 857558 0
04.01.2019 11:59:55 857579 21
04.01.2019 12:59:55 857649 70
04.01.2019 13:59:55 857691 42
04.01.2019 14:59:55 857741 50
04.01.2019 15:59:55 857781 40
04.01.2019 16:59:55 857817 36
04.01.2019 17:59:55 857856 39
04.01.2019 18:59:55 857895 39
04.01.2019 19:59:55 857928 33
04.01.2019 20:59:55 857970 42
04.01.2019 21:59:55 857993 23
04.01.2019 22:59:55 858013 20
04.01.2019 23:59:55 858013 0
