05.01.2019 00:59:55 858013 0
05.01.2019 01:59:55 858013 0
05.01.2019 02:59:55 858013 0
05.01.2019 03:59:55 858015 2
05.01.2019 04:59:55 858079 64
05.01.2019 05:59:55 858112 33
05.01.2019 06:59:55 858150 38
05.01.2019 07:59:55 858184 34
05.01.2019 08:59:55 858217 33
05.01.2019 09:59:55 858254 37
05.01.2019 10:59:55 858290 36
05.01.2019 11:59:55 858324 34
05.01.2019 12:59:55 858346 22
05.01.2019 13:59:55 858360 14
05.01.2019 14:59:55 858380 20
05.01.2019 15:59:55 858394 14
05.01.2019 16:59:55 858408 14
05.01.2019 17:59:55 858427 19
05.01.2019 18:59:55 858448 21
05.01.2019 19:59:55 858482 34
05.01.2019 20:59:55 858496 14
05.01.2019 21:59:55 858515 19
05.01.2019 22:59:55 858533 18
05.01.2019 23:59:55 858533 0
