06.01.2019 00:59:55 858533 0
06.01.2019 01:59:55 858533 0
06.01.2019 02:59:55 858533 0
06.01.2019 03:59:55 858533 0
06.01.2019 04:59:55 858583 50
06.01.2019 05:59:55 858614 31
06.01.2019 06:59:55 858646 32
06.01.2019 07:59:55 858673 27
06.01.2019 08:59:55 858709 36
06.01.2019 09:59:55 858734 25
06.01.2019 10:59:55 858770 36
06.01.2019 11:59:55 858797 27
06.01.2019 12:59:55 858825 28
06.01.2019 13:59:55 858849 24
06.01.2019 14:59:55 858869 20
06.01.2019 15:59:55 858872 3
06.01.2019 16:59:55 858895 23
06.01.2019 17:59:55 858914 19
06.01.2019 18:59:55 858936 22
06.01.2019 19:59:55 859009 73
06.01.2019 20:59:55 859043 34
06.01.2019 21:59:55 859057 14
06.01.2019 22:59:55 859057 0
06.01.2019 23:59:55 859057 0
