07.01.2019 00:59:55 859057 0
07.01.2019 01:59:55 859057 0
07.01.2019 02:59:55 859057 0
07.01.2019 03:59:55 859098 41
07.01.2019 04:59:55 859122 24
07.01.2019 05:59:55 859158 36
07.01.2019 06:59:55 859185 27
07.01.2019 07:59:55 859185 0
07.01.2019 08:59:55 859185 0
07.01.2019 09:59:55 859185 0
07.01.2019 10:59:55 859185 0
07.01.2019 11:59:55 859185 0
07.01.2019 12:59:55 859187 2
07.01.2019 13:59:55 859254 67
07.01.2019 14:59:55 859287 33
07.01.2019 15:59:55 859320 33
07.01.2019 16:59:55 859358 38
07.01.2019 17:59:55 859387 29
07.01.2019 18:59:55 859418 31
07.01.2019 19:59:55 859450 32
07.01.2019 20:59:55 859472 22
07.01.2019 21:59:55 859494 22
07.01.2019 22:59:55 859494 0
07.01.2019 23:59:55 859494 0
