08.01.2019 00:59:55 859494 0
08.01.2019 01:59:55 859494 0
08.01.2019 02:59:55 859494 0
08.01.2019 03:59:55 859522 28
08.01.2019 04:59:55 859550 28
08.01.2019 05:59:55 859582 32
08.01.2019 06:59:55 859612 30
08.01.2019 07:59:55 859612 0
08.01.2019 08:59:55 859612 0
08.01.2019 09:59:55 859612 0
08.01.2019 10:59:55 859612 0
08.01.2019 11:59:55 859612 0
08.01.2019 12:59:55 859620 8
08.01.2019 13:59:55 859683 63
08.01.2019 14:59:55 859716 33
08.01.2019 15:59:55 859759 43
08.01.2019 16:59:55 859791 32
08.01.2019 17:59:55 859820 29
08.01.2019 18:59:55 859852 32
08.01.2019 19:59:55 859879 27
08.01.2019 20:59:55 859914 35
08.01.2019 21:59:55 859937 23
08.01.2019 22:59:55 859937 0
08.01.2019 23:59:55 859937 0
