09.01.2019 00:59:55 859937 0
09.01.2019 01:59:55 859937 0
09.01.2019 02:59:55 859937 0
09.01.2019 03:59:55 859978 41
09.01.2019 04:59:55 860005 27
09.01.2019 05:59:55 860041 36
09.01.2019 06:59:55 860067 26
09.01.2019 07:59:55 860067 0
09.01.2019 08:59:55 860067 0
09.01.2019 09:59:55 860067 0
09.01.2019 10:59:55 860067 0
09.01.2019 11:59:55 860077 10
09.01.2019 12:59:55 860098 21
09.01.2019 13:59:55 860153 55
09.01.2019 14:59:55 860189 36
09.01.2019 15:59:55 860225 36
09.01.2019 16:59:55 860268 43
09.01.2019 17:59:55 860301 33
09.01.2019 18:59:55 860335 34
09.01.2019 19:59:55 860368 33
09.01.2019 20:59:55 860408 40
09.01.2019 21:59:55 860434 26
09.01.2019 22:59:55 860437 3
09.01.2019 23:59:55 860437 0
