01.01.2019 23:59:52 856354 444
02.01.2019 23:59:50 856801 447
03.01.2019 23:59:50 857376 575
04.01.2019 23:59:50 858013 637
05.01.2019 23:59:50 858533 520
06.01.2019 23:59:50 859057 524
07.01.2019 23:59:50 859494 437
08.01.2019 23:59:50 859937 443
09.01.2019 23:59:50 860437 500
10.01.2019 23:59:50 860964 527
11.01.2019 23:59:50 861546 582
12.01.2019 23:59:50 862058 512
13.01.2019 23:59:50 862580 522
14.01.2019 23:59:50 863052 472
15.01.2019 23:59:50 863583 531
16.01.2019 23:59:50 864039 456
17.01.2019 23:59:50 864480 441
18.01.2019 23:59:50 864993 513
19.01.2019 23:59:50 865617 624
20.01.2019 23:59:50 866418 801
21.01.2019 23:59:50 867156 738
22.01.2019 23:59:50 867899 743
23.01.2019 23:59:50 868661 762
24.01.2019 23:59:50 869412 751
25.01.2019 23:59:50 870123 711
26.01.2019 23:59:50 870760 637
27.01.2019 23:59:50 871348 588
28.01.2019 23:59:50 871808 460
29.01.2019 23:59:50 872325 517
30.01.2019 23:59:50 872912 587
31.01.2019 23:59:50 873467 555
