01.10.2018 23:59:50 823415 280
02.10.2018 23:59:50 823762 347
03.10.2018 23:59:50 824043 281
04.10.2018 23:59:50 824301 258
05.10.2018 23:59:50 824550 249
06.10.2018 23:59:50 824725 175
07.10.2018 23:59:50 824866 141
08.10.2018 23:59:50 825113 247
09.10.2018 23:59:50 825356 243
10.10.2018 23:59:50 825565 209
11.10.2018 23:59:50 825699 134
12.10.2018 23:59:50 825793 94
13.10.2018 23:59:50 825890 97
14.10.2018 23:59:50 826040 150
15.10.2018 23:59:50 826162 122
16.10.2018 23:59:50 826250 88
17.10.2018 23:59:50 826372 122
18.10.2018 23:59:50 826551 179
19.10.2018 23:59:50 826709 158
20.10.2018 23:59:50 826908 199
21.10.2018 23:59:50 827198 290
22.10.2018 23:59:50 827474 276
23.10.2018 23:59:50 827793 319
24.10.2018 23:59:50 828051 258
25.10.2018 23:59:50 828271 220
26.10.2018 23:59:50 828462 191
27.10.2018 23:59:50 828713 251
28.10.2018 23:59:50 829143 430
29.10.2018 23:59:50 829567 424
30.10.2018 23:59:50 829922 355
31.10.2018 23:59:50 830246 324
