01.11.2018 23:59:52 830605 359
02.11.2018 23:59:50 830898 293
03.11.2018 23:59:50 831202 304
04.11.2018 23:59:50 831535 333
05.11.2018 23:59:50 831757 222
06.11.2018 23:59:50 831980 223
07.11.2018 23:59:50 832217 237
08.11.2018 23:59:50 832475 258
09.11.2018 23:59:50 832702 227
10.11.2018 23:59:50 833014 312
11.11.2018 23:59:50 833330 316
12.11.2018 23:59:50 833539 209
13.11.2018 23:59:50 833726 187
14.11.2018 23:59:50 834000 109
15.11.2018 23:59:50 834327 327
16.11.2018 23:59:50 834722 395
17.11.2018 23:59:50 835198 476
18.11.2018 23:59:50 835819 621
19.11.2018 23:59:50 836328 509
20.11.2018 23:59:50 836865 537
21.11.2018 23:59:50 837478 613
22.11.2018 23:59:50 837992 514
23.11.2018 23:59:50 838476 484
24.11.2018 23:59:50 838998 522
25.11.2018 23:59:50 839495 497
26.11.2018 23:59:50 839925 430
27.11.2018 23:59:50 840391 466
28.11.2018 23:59:50 840996 605
29.11.2018 23:59:50 841593 597
30.11.2018 23:59:50 842147 554
