01.12.2018 23:59:52 842618 471
02.12.2018 23:59:50 843075 457
03.12.2018 23:59:50 843357 282
04.12.2018 23:59:50 843640 283
05.12.2018 23:59:50 844054 414
06.12.2018 23:59:50 844492 438
07.12.2018 23:59:50 844789 297
08.12.2018 23:59:50 845159 370
09.12.2018 23:59:50 845607 448
10.12.2018 23:59:50 846017 410
11.12.2018 23:59:50 846481 464
12.12.2018 23:59:50 846927 446
13.12.2018 23:59:50 847408 481
14.12.2018 23:59:50 847961 553
15.12.2018 23:59:50 848543 582
16.12.2018 23:59:50 849181 638
17.12.2018 23:59:50 849685 504
18.12.2018 23:59:50 850128 443
19.12.2018 23:59:50 850608 480
20.12.2018 23:59:50 851109 501
21.12.2018 23:59:50 851509 400
22.12.2018 23:59:50 851884 375
23.12.2018 23:59:50 852276 392
24.12.2018 23:59:50 852708 432
25.12.2018 23:59:50 853293 585
26.12.2018 23:59:50 853750 457
27.12.2018 23:59:50 854186 436
28.12.2018 23:59:50 854617 431
29.12.2018 23:59:50 855082 465
30.12.2018 23:59:50 855548 466
31.12.2018 23:59:50 855910 362
