01.02.2018 23:59:50 775693 405
02.02.2018 23:59:50 776181 488
03.02.2018 23:59:50 776681 500
04.02.2018 23:59:50 777271 590
05.02.2018 23:59:50 777800 529
06.02.2018 23:59:50 778412 612
07.02.2018 23:59:50 779051 639
08.02.2018 23:59:50 779679 628
09.02.2018 23:59:50 780305 626
10.02.2018 23:59:50 780870 565
11.02.2018 23:59:50 781440 570
12.02.2018 23:59:50 781965 525
13.02.2018 23:59:50 782495 530
14.02.2018 23:59:50 783051 556
15.02.2018 23:59:50 783623 572
16.02.2018 23:59:50 784168 545
17.02.2018 23:59:50 784717 549
18.02.2018 23:59:50 785293 576
19.02.2018 23:59:50 785840 547
20.02.2018 23:59:50 786435 595
21.02.2018 23:59:50 787058 623
22.02.2018 23:59:50 787693 635
23.02.2018 23:59:50 788455 762
24.02.2018 23:59:50 789153 698
25.02.2018 23:59:50 789914 761
26.02.2018 23:59:50 790666 752
27.02.2018 23:59:50 791458 792
28.02.2018 23:59:50 792298 840
