01.03.2018 23:59:50 793145 847
02.03.2018 23:59:50 794021 876
03.03.2018 23:59:50 794837 816
04.03.2018 23:59:50 795579 742
05.03.2018 23:59:50 796083 504
06.03.2018 23:59:50 796579 496
07.03.2018 23:59:50 797078 499
08.03.2018 23:59:50 797514 436
09.03.2018 23:59:50 797931 417
10.03.2018 23:59:50 798254 323
11.03.2018 23:59:50 798551 297
12.03.2018 23:59:50 798782 231
13.03.2018 23:59:50 799048 266
14.03.2018 23:59:50 799384 336
15.03.2018 23:59:50 799767 383
16.03.2018 23:59:50 800219 452
17.03.2018 23:59:50 800886 667
18.03.2018 23:59:50 801655 769
19.03.2018 23:59:50 802344 689
20.03.2018 23:59:50 803039 695
21.03.2018 23:59:50 803681 642
22.03.2018 23:59:50 804252 571
23.03.2018 23:59:50 804761 509
24.03.2018 23:59:50 805220 459
25.03.2018 23:59:50 805684 464
26.03.2018 23:59:50 806077 393
27.03.2018 23:59:50 806464 387
28.03.2018 23:59:50 806823 359
29.03.2018 23:59:50 807196 373
30.03.2018 23:59:50 807670 474
31.03.2018 23:59:50 808066 396
