01.04.2018 23:59:50 808570 504
02.04.2018 23:59:50 809086 516
03.04.2018 23:59:50 809364 278
04.04.2018 23:59:50 809503 139
05.04.2018 23:59:50 809680 177
06.04.2018 23:59:50 810014 334
07.04.2018 23:59:50 810305 291
08.04.2018 23:59:50 810524 219
09.04.2018 23:59:50 810680 156
10.04.2018 23:59:50 810780 100
11.04.2018 23:59:50 810866 86
12.04.2018 23:59:50 810940 74
13.04.2018 23:59:50 810992 52
14.04.2018 23:59:50 811098 106
15.04.2018 23:59:50 811288 190
16.04.2018 23:59:50 811380 92
17.04.2018 23:59:50 811514 134
18.04.2018 23:59:50 811612 98
19.04.2018 23:59:50 811658 46
20.04.2018 23:59:50 811699 41
21.04.2018 23:59:50 811747 48
22.04.2018 23:59:50 811855 108
23.04.2018 23:59:50 811896 41
24.04.2018 23:59:50 811945 49
25.04.2018 23:59:50 812085 140
26.04.2018 23:59:50 812268 183
27.04.2018 23:59:50 812512 244
28.04.2018 23:59:50 812689 177
29.04.2018 23:59:50 812880 191
30.04.2018 23:59:50 812929 49
