01.05.2018 23:59:50 812981 52
02.05.2018 23:59:50 813265 284
03.05.2018 23:59:50 813446 181
04.05.2018 23:59:50 813613 167
05.05.2018 23:59:50 813780 167
06.05.2018 23:59:50 813967 187
07.05.2018 23:59:50 814032 65
08.05.2018 23:59:50 814085 53
09.05.2018 23:59:50 814137 52
10.05.2018 23:59:50 814208 71
11.05.2018 23:59:50 814252 44
12.05.2018 23:59:50 814296 44
13.05.2018 23:59:50 814403 107
14.05.2018 23:59:50 814448 45
15.05.2018 23:59:50 814489 41
16.05.2018 23:59:50 814536 47
17.05.2018 23:59:50 814629 93
18.05.2018 23:59:50 814809 180
19.05.2018 23:59:50 814965 156
20.05.2018 23:59:50 815115 150
21.05.2018 23:59:50 815218 103
22.05.2018 23:59:50 815261 43
23.05.2018 23:59:50 815301 40
24.05.2018 23:59:50 815341 40
25.05.2018 23:59:50 815390 49
26.05.2018 23:59:50 815439 49
27.05.2018 23:59:50 815543 104
28.05.2018 23:59:50 815580 37
29.05.2018 23:59:50 815618 38
30.05.2018 23:59:50 815683 65
31.05.2018 23:59:50 815721 38
