01.06.2018 23:59:50 815763 42
02.06.2018 23:59:50 815804 41
03.06.2018 23:59:50 815892 88
04.06.2018 23:59:50 815936 44
05.06.2018 23:59:50 815974 38
06.06.2018 23:59:50 816020 46
07.06.2018 23:59:50 816061 41
08.06.2018 23:59:50 816106 45
09.06.2018 23:59:50 816149 43
10.06.2018 23:59:50 816232 83
11.06.2018 23:59:50 816269 37
12.06.2018 23:59:50 816309 40
13.06.2018 23:59:50 816349 40
14.06.2018 23:59:50 816393 44
15.06.2018 23:59:50 816438 45
16.06.2018 23:59:50 816478 40
17.06.2018 23:59:50 816554 76
18.06.2018 23:59:50 816589 35
19.06.2018 23:59:50 816631 42
20.06.2018 23:59:50 816671 40
21.06.2018 23:59:50 816725 54
22.06.2018 23:59:50 816771 46
23.06.2018 23:59:50 816823 52
24.06.2018 23:59:50 817000 177
25.06.2018 23:59:50 817107 107
26.06.2018 23:59:50 817149 42
27.06.2018 23:59:50 817188 39
28.06.2018 23:59:50 817230 42
29.06.2018 23:59:50 817318 88
30.06.2018 23:59:50 817353 35
