01.07.2018 23:59:50 817394 41
02.07.2018 23:59:50 817449 55
03.07.2018 23:59:50 817508 59
04.07.2018 23:59:50 817546 38
05.07.2018 23:59:50 817583 37
06.07.2018 23:59:50 817629 46
07.07.2018 23:59:50 817671 42
08.07.2018 23:59:50 817754 83
09.07.2018 23:59:50 817791 37
10.07.2018 23:59:50 817831 40
11.07.2018 23:59:50 817872 41
12.07.2018 23:59:50 817929 57
13.07.2018 23:59:50 817974 45
14.07.2018 23:59:50 818014 40
15.07.2018 23:59:50 818099 85
16.07.2018 23:59:50 818137 38
17.07.2018 23:59:50 818180 43
18.07.2018 23:59:50 818214 34
19.07.2018 23:59:50 818265 51
20.07.2018 23:59:50 818306 41
21.07.2018 23:59:50 818342 36
22.07.2018 23:59:50 818417 75
23.07.2018 23:59:50 818456 39
24.07.2018 23:59:50 818493 37
25.07.2018 23:59:50 818544 51
26.07.2018 23:59:50 818579 35
27.07.2018 23:59:50 818617 38
28.07.2018 23:59:50 818652 35
29.07.2018 23:59:50 818729 77
30.07.2018 23:59:50 818761 32
31.07.2018 23:59:50 818819 58
