01.08.2018 23:59:50 818851 32
02.08.2018 23:59:50 818897 46
03.08.2018 23:59:50 818934 37
04.08.2018 23:59:50 818967 33
05.08.2018 23:59:50 819049 82
06.08.2018 23:59:50 819100 51
07.08.2018 23:59:50 819148 48
08.08.2018 23:59:50 819189 41
09.08.2018 23:59:50 819228 39
10.08.2018 23:59:50 819282 54
11.08.2018 23:59:50 819335 53
12.08.2018 23:59:50 819424 89
13.08.2018 23:59:50 819474 50
14.08.2018 23:59:50 819520 46
15.08.2018 23:59:50 819582 62
16.08.2018 23:59:50 819640 58
17.08.2018 23:59:50 819703 63
18.08.2018 23:59:50 819743 40
19.08.2018 23:59:50 819821 78
20.08.2018 23:59:50 819852 31
21.08.2018 23:59:50 819890 38
22.08.2018 23:59:50 819927 37
23.08.2018 23:59:50 819968 41
24.08.2018 23:59:50 820050 82
25.08.2018 23:59:50 820087 37
26.08.2018 23:59:50 820128 41
27.08.2018 23:59:50 820165 37
28.08.2018 23:59:50 820206 41
29.08.2018 23:59:50 820258 52
30.08.2018 23:59:50 820301 43
31.08.2018 23:59:50 820346 45
