01.09.2018 23:59:50 820387 41
02.09.2018 23:59:50 820503 116
03.09.2018 23:59:50 820555 52
04.09.2018 23:59:50 820596 41
05.09.2018 23:59:50 820636 40
06.09.2018 23:59:50 820679 43
07.09.2018 23:59:50 820725 46
08.09.2018 23:59:50 820769 44
09.09.2018 23:59:50 820866 97
10.09.2018 23:59:50 820905 39
11.09.2018 23:59:50 820947 42
12.09.2018 23:59:50 820986 39
13.09.2018 23:59:50 821028 42
14.09.2018 23:59:50 821073 45
15.09.2018 23:59:50 821123 50
16.09.2018 23:59:50 821225 102
17.09.2018 23:59:50 821266 41
18.09.2018 23:59:50 821307 41
19.09.2018 23:59:50 821347 40
20.09.2018 23:59:50 821387 40
21.09.2018 23:59:50 821436 49
22.09.2018 23:59:50 821480 44
23.09.2018 23:59:50 821565 85
24.09.2018 23:59:50 821722 157
25.09.2018 23:59:50 821970 248
26.09.2018 23:59:50 822240 270
27.09.2018 23:59:50 822398 158
28.09.2018 23:59:50 822554 156
29.09.2018 23:59:50 822808 254
30.09.2018 23:59:50 823135 327
