05.08.2017 17:07:01 NTP time sync OK (-1 Sek) 
05.08.2017 17:23:30 Wifi connection lost 
05.08.2017 17:23:46 Wifi connected to: Elektron BBS 
05.08.2017 17:23:46 MQTT Broker bbs.fritz.box connected 
05.08.2017 18:28:27 MQTT Broker bbs.fritz.box connected 
05.08.2017 20:49:09 MQTT Broker bbs.fritz.box connected 
05.08.2017 21:12:15 MQTT Broker bbs.fritz.box connected 
06.08.2017 08:09:27 MQTT Broker bbs.fritz.box connected 
06.08.2017 08:17:00 MQTT Broker bbs.fritz.box connected 
06.08.2017 10:00:33 MQTT Broker bbs.fritz.box connected 
06.08.2017 10:01:31 Logfile rotated 
06.08.2017 13:10:13 MQTT Broker bbs.fritz.box connected 
06.08.2017 17:11:04 NTP time sync OK (-1 Sek) 
07.08.2017 17:12:33 NTP time sync OK (-1 Sek) 
08.08.2017 17:12:47 NTP time sync OK (-1 Sek) 
09.08.2017 17:12:48 NTP time sync OK (-1 Sek) 
10.08.2017 11:08:01 Set Counter to: 7236,51 m³ 
10.08.2017 11:08:10 Reset Counter 2 to: 7236,51 m³ 
10.08.2017 17:13:01 NTP time sync OK (-1 Sek) 
11.08.2017 10:31:13 MQTT Broker bbs.fritz.box connected 
11.08.2017 17:13:27 NTP time sync OK (-1 Sek) 
11.08.2017 21:39:17 GZ16 ESP8266 Restart 
11.08.2017 21:39:25 Wifi connected to: Elektron BBS 
11.08.2017 21:39:24 NTP time sync OK (1 Sek) 
11.08.2017 21:39:24 MQTT Broker bbs.fritz.box connected 
11.08.2017 21:41:23 GZ16 ESP8266 Restart 
11.08.2017 21:41:35 Wifi connected to: Elektron BBS 
11.08.2017 21:41:36 NTP time sync OK (-1 Sek) 
11.08.2017 21:41:36 MQTT Broker bbs.fritz.box connected 
12.08.2017 21:41:47 NTP time sync OK (-1 Sek) 
13.08.2017 14:23:34 GZ16 ESP8266 Restart 
13.08.2017 14:23:42 Wifi connected to: Elektron BBS 
13.08.2017 14:23:39 NTP time sync OK (3 Sek) 
13.08.2017 14:23:39 MQTT Broker bbs.fritz.box connected 
